<?xml version="1.0" encoding="UTF-8" ?>
<testsuite tests="5" failures="0" name="service.TravelServiceTest" time="0.17" errors="0" skipped="0">
  <properties>
    <property name="idea.version" value="2021.2.3"/>
    <property name="java.runtime.name" value="Java(TM) SE Runtime Environment"/>
    <property name="java.vm.version" value="17+35-LTS-2724"/>
    <property name="sun.boot.library.path" value="/opt/jdk/lib"/>
    <property name="maven.multiModuleProjectDirectory" value="/home/flyme/Git_Project/dev_source/project/demo1"/>
    <property name="java.vm.vendor" value="Oracle Corporation"/>
    <property name="java.vendor.url" value="https://java.oracle.com/"/>
    <property name="guice.disable.misplaced.annotation.check" value="true"/>
    <property name="path.separator" value=":"/>
    <property name="java.vm.name" value="Java HotSpot(TM) 64-Bit Server VM"/>
    <property name="user.country" value="CN"/>
    <property name="sun.java.launcher" value="SUN_STANDARD"/>
    <property name="java.vm.specification.name" value="Java Virtual Machine Specification"/>
    <property name="user.dir" value="/home/flyme/Git_Project/dev_source/project/demo1"/>
    <property name="java.vm.compressedOopsMode" value="Zero based"/>
    <property name="java.runtime.version" value="17+35-LTS-2724"/>
    <property name="os.arch" value="amd64"/>
    <property name="java.io.tmpdir" value="/tmp"/>
    <property name="line.separator" value="
"/>
    <property name="java.vm.specification.vendor" value="Oracle Corporation"/>
    <property name="os.name" value="Linux"/>
    <property name="maven.ext.class.path" value="/home/flyme/.local/share/JetBrains/Toolbox/apps/IDEA-U/ch-0/212.5457.46/plugins/maven/lib/maven-event-listener.jar"/>
    <property name="classworlds.conf" value="/home/flyme/.local/share/JetBrains/Toolbox/apps/IDEA-U/ch-0/212.5457.46/plugins/maven/lib/maven3/bin/m2.conf"/>
    <property name="sun.jnu.encoding" value="UTF-8"/>
    <property name="java.library.path" value="/usr/java/packages/lib:/usr/lib64:/lib64:/lib:/usr/lib"/>
    <property name="maven.conf" value="/home/flyme/.local/share/JetBrains/Toolbox/apps/IDEA-U/ch-0/212.5457.46/plugins/maven/lib/maven3/conf"/>
    <property name="jdk.debug" value="release"/>
    <property name="java.class.version" value="61.0"/>
    <property name="java.specification.name" value="Java Platform API Specification"/>
    <property name="sun.management.compiler" value="HotSpot 64-Bit Tiered Compilers"/>
    <property name="os.version" value="5.4.195-1-MANJARO"/>
    <property name="user.home" value="/home/flyme"/>
    <property name="user.timezone" value="Asia/Shanghai"/>
    <property name="file.encoding" value="UTF-8"/>
    <property name="java.specification.version" value="17"/>
    <property name="user.name" value="flyme"/>
    <property name="java.class.path" value="/home/flyme/.local/share/JetBrains/Toolbox/apps/IDEA-U/ch-0/212.5457.46/plugins/maven/lib/maven3/boot/plexus-classworlds.license:/home/flyme/.local/share/JetBrains/Toolbox/apps/IDEA-U/ch-0/212.5457.46/plugins/maven/lib/maven3/boot/plexus-classworlds-2.6.0.jar"/>
    <property name="java.vm.specification.version" value="17"/>
    <property name="sun.arch.data.model" value="64"/>
    <property name="sun.java.command" value="org.codehaus.classworlds.Launcher -Didea.version=2021.2.3 package"/>
    <property name="java.home" value="/opt/jdk"/>
    <property name="user.language" value="zh"/>
    <property name="java.specification.vendor" value="Oracle Corporation"/>
    <property name="java.vm.info" value="mixed mode, sharing"/>
    <property name="java.version" value="17"/>
    <property name="native.encoding" value="UTF-8"/>
    <property name="securerandom.source" value="file:/dev/./urandom"/>
    <property name="java.vendor" value="Oracle Corporation"/>
    <property name="maven.home" value="/home/flyme/.local/share/JetBrains/Toolbox/apps/IDEA-U/ch-0/212.5457.46/plugins/maven/lib/maven3"/>
    <property name="file.separator" value="/"/>
    <property name="java.version.date" value="2021-09-14"/>
    <property name="java.vendor.url.bug" value="https://bugreport.java.com/bugreport/"/>
    <property name="sun.io.unicode.encoding" value="UnicodeLittle"/>
    <property name="sun.cpu.endian" value="little"/>
  </properties>
  <testcase classname="service.TravelServiceTest" name="test_findByName" time="0.163"/>
  <testcase classname="service.TravelServiceTest" name="test_save" time="0.001"/>
  <testcase classname="service.TravelServiceTest" name="test_delete" time="0.001"/>
  <testcase classname="service.TravelServiceTest" name="test_findByCategory" time="0.004"/>
  <testcase classname="service.TravelServiceTest" name="test_update" time="0.001"/>
</testsuite>